d:\workspace\duilib\qqdemo\debug\vc141.pdb
d:\workspace\duilib\qqdemo\debug\vc141.idb
d:\workspace\duilib\qqdemo\debug\uimicroblog.sbr
d:\workspace\duilib\qqdemo\debug\uilistcommondefine.sbr
d:\workspace\duilib\qqdemo\debug\uigroups.sbr
d:\workspace\duilib\qqdemo\debug\uifriends.sbr
d:\workspace\duilib\qqdemo\debug\stdafx.sbr
d:\workspace\duilib\qqdemo\debug\main_frame.sbr
d:\workspace\duilib\qqdemo\debug\main.sbr
d:\workspace\duilib\qqdemo\debug\debug.sbr
d:\workspace\duilib\qqdemo\debug\color_skin.sbr
d:\workspace\duilib\qqdemo\debug\colorpicker.sbr
d:\workspace\duilib\qqdemo\debug\chat_dialog.sbr
d:\workspace\duilib\qqdemo\debug\xunzip.sbr
d:\workspace\duilib\qqdemo\debug\xunzip.obj
d:\workspace\duilib\qqdemo\debug\chat_dialog.obj
d:\workspace\duilib\qqdemo\debug\colorpicker.obj
d:\workspace\duilib\qqdemo\debug\color_skin.obj
d:\workspace\duilib\qqdemo\debug\debug.obj
d:\workspace\duilib\qqdemo\debug\main.obj
d:\workspace\duilib\qqdemo\debug\main_frame.obj
d:\workspace\duilib\qqdemo\debug\stdafx.obj
d:\workspace\duilib\qqdemo\debug\uifriends.obj
d:\workspace\duilib\qqdemo\debug\uigroups.obj
d:\workspace\duilib\qqdemo\debug\uilistcommondefine.obj
d:\workspace\duilib\qqdemo\debug\uimicroblog.obj
d:\workspace\duilib\qqdemo\debug\qqdemo.res
d:\workspace\duilib\qqdemo\debug\qqdemo.tlog\cl.command.1.tlog
d:\workspace\duilib\qqdemo\debug\qqdemo.tlog\cl.read.1.tlog
d:\workspace\duilib\qqdemo\debug\qqdemo.tlog\cl.write.1.tlog
d:\workspace\duilib\qqdemo\debug\qqdemo.tlog\link.command.1.tlog
d:\workspace\duilib\qqdemo\debug\qqdemo.tlog\link.read.1.tlog
d:\workspace\duilib\qqdemo\debug\qqdemo.tlog\link.write.1.tlog
d:\workspace\duilib\qqdemo\debug\qqdemo.tlog\rc.command.1.tlog
d:\workspace\duilib\qqdemo\debug\qqdemo.tlog\rc.read.1.tlog
d:\workspace\duilib\qqdemo\debug\qqdemo.tlog\rc.write.1.tlog
